This is pdfTeX, Version 3.141592653-2.6-1.40.26 (MiKTeX 24.4) (preloaded format=pdflatex 2024.10.11)  31 JAN 2026 23:26
entering extended mode
 restricted \write18 enabled.
 file:line:error style messages enabled.
 %&-line parsing enabled.
**c:/Users/Dell/Desktop/IQuHack/writeup/main.tex
(c:/Users/Dell/Desktop/IQuHack/writeup/main.tex
LaTeX2e <2024-06-01> patch level 2
L3 programming layer <2024-08-30>
(C:\Users\Dell\AppData\Local\Programs\MiKTeX\tex/latex/base\article.cls
Document Class: article 2024/02/08 v1.4n Standard LaTeX document class
(C:\Users\Dell\AppData\Local\Programs\MiKTeX\tex/latex/base\size12.clo
File: size12.clo 2024/02/08 v1.4n Standard LaTeX file (size option)
)
\c@part=\count194
\c@section=\count195
\c@subsection=\count196
\c@subsubsection=\count197
\c@paragraph=\count198
\c@subparagraph=\count199
\c@figure=\count266
\c@table=\count267
\abovecaptionskip=\skip49
\belowcaptionskip=\skip50
\bibindent=\dimen141
) (C:\Users\Dell\AppData\Local\Programs\MiKTeX\tex/latex/graphics\graphicx.sty
Package: graphicx 2021/09/16 v1.2d Enhanced LaTeX Graphics (DPC,SPQR)
 (C:\Users\Dell\AppData\Local\Programs\MiKTeX\tex/latex/graphics\keyval.sty
Package: keyval 2022/05/29 v1.15 key=value parser (DPC)
\KV@toks@=\toks17
) (C:\Users\Dell\AppData\Local\Programs\MiKTeX\tex/latex/graphics\graphics.sty
Package: graphics 2024/05/23 v1.4g Standard LaTeX Graphics (DPC,SPQR)
 (C:\Users\Dell\AppData\Local\Programs\MiKTeX\tex/latex/graphics\trig.sty
Package: trig 2023/12/02 v1.11 sin cos tan (DPC)
) (C:\Users\Dell\AppData\Local\Programs\MiKTeX\tex/latex/graphics-cfg\graphics.cfg
File: graphics.cfg 2016/06/04 v1.11 sample graphics configuration
)
Package graphics Info: Driver file: pdftex.def on input line 106.
 (C:\Users\Dell\AppData\Local\Programs\MiKTeX\tex/latex/graphics-def\pdftex.def
File: pdftex.def 2024/04/13 v1.2c Graphics/color driver for pdftex
))
\Gin@req@height=\dimen142
\Gin@req@width=\dimen143
) (C:\Users\Dell\AppData\Local\Programs\MiKTeX\tex/latex/float\float.sty
Package: float 2001/11/08 v1.3d Float enhancements (AL)
\c@float@type=\count268
\float@exts=\toks18
\float@box=\box52
\@float@everytoks=\toks19
\@floatcapt=\box53
) (C:\Users\Dell\AppData\Local\Programs\MiKTeX\tex/latex/amsmath\amsmath.sty
Package: amsmath 2024/05/23 v2.17q AMS math features
\@mathmargin=\skip51

For additional information on amsmath, use the `?' option.
(C:\Users\Dell\AppData\Local\Programs\MiKTeX\tex/latex/amsmath\amstext.sty
Package: amstext 2021/08/26 v2.01 AMS text
 (C:\Users\Dell\AppData\Local\Programs\MiKTeX\tex/latex/amsmath\amsgen.sty
File: amsgen.sty 1999/11/30 v2.0 generic functions
\@emptytoks=\toks20
\ex@=\dimen144
)) (C:\Users\Dell\AppData\Local\Programs\MiKTeX\tex/latex/amsmath\amsbsy.sty
Package: amsbsy 1999/11/29 v1.2d Bold Symbols
\pmbraise@=\dimen145
) (C:\Users\Dell\AppData\Local\Programs\MiKTeX\tex/latex/amsmath\amsopn.sty
Package: amsopn 2022/04/08 v2.04 operator names
)
\inf@bad=\count269
LaTeX Info: Redefining \frac on input line 233.
\uproot@=\count270
\leftroot@=\count271
LaTeX Info: Redefining \overline on input line 398.
LaTeX Info: Redefining \colon on input line 409.
\classnum@=\count272
\DOTSCASE@=\count273
LaTeX Info: Redefining \ldots on input line 495.
LaTeX Info: Redefining \dots on input line 498.
LaTeX Info: Redefining \cdots on input line 619.
\Mathstrutbox@=\box54
\strutbox@=\box55
LaTeX Info: Redefining \big on input line 721.
LaTeX Info: Redefining \Big on input line 722.
LaTeX Info: Redefining \bigg on input line 723.
LaTeX Info: Redefining \Bigg on input line 724.
\big@size=\dimen146
LaTeX Font Info:    Redeclaring font encoding OML on input line 742.
LaTeX Font Info:    Redeclaring font encoding OMS on input line 743.
\macc@depth=\count274
LaTeX Info: Redefining \bmod on input line 904.
LaTeX Info: Redefining \pmod on input line 909.
LaTeX Info: Redefining \smash on input line 939.
LaTeX Info: Redefining \relbar on input line 969.
LaTeX Info: Redefining \Relbar on input line 970.
\c@MaxMatrixCols=\count275
\dotsspace@=\muskip17
\c@parentequation=\count276
\dspbrk@lvl=\count277
\tag@help=\toks21
\row@=\count278
\column@=\count279
\maxfields@=\count280
\andhelp@=\toks22
\eqnshift@=\dimen147
\alignsep@=\dimen148
\tagshift@=\dimen149
\tagwidth@=\dimen150
\totwidth@=\dimen151
\lineht@=\dimen152
\@envbody=\toks23
\multlinegap=\skip52
\multlinetaggap=\skip53
\mathdisplay@stack=\toks24
LaTeX Info: Redefining \[ on input line 2953.
LaTeX Info: Redefining \] on input line 2954.
) (C:\Users\Dell\AppData\Local\Programs\MiKTeX\tex/latex/base\inputenc.sty
Package: inputenc 2024/02/08 v1.3d Input encoding file
\inpenc@prehook=\toks25
\inpenc@posthook=\toks26
) (C:\Users\Dell\AppData\Local\Programs\MiKTeX\tex/latex/multirow\multirow.sty
Package: multirow 2024/11/12 v2.9 Span multiple rows of a table
\multirow@colwidth=\skip54
\multirow@cntb=\count281
\multirow@dima=\skip55
\bigstrutjot=\dimen153
) (C:\Users\Dell\AppData\Local\Programs\MiKTeX\tex/latex/booktabs\booktabs.sty
Package: booktabs 2020/01/12 v1.61803398 Publication quality tables
\heavyrulewidth=\dimen154
\lightrulewidth=\dimen155
\cmidrulewidth=\dimen156
\belowrulesep=\dimen157
\belowbottomsep=\dimen158
\aboverulesep=\dimen159
\abovetopsep=\dimen160
\cmidrulesep=\dimen161
\cmidrulekern=\dimen162
\defaultaddspace=\dimen163
\@cmidla=\count282
\@cmidlb=\count283
\@aboverulesep=\dimen164
\@belowrulesep=\dimen165
\@thisruleclass=\count284
\@lastruleclass=\count285
\@thisrulewidth=\dimen166
) (C:\Users\Dell\AppData\Local\Programs\MiKTeX\tex/latex/placeins\placeins.sty
Package: placeins 2005/04/18  v 2.2
) (C:\Users\Dell\AppData\Local\Programs\MiKTeX\tex/latex/l3backend\l3backend-pdftex.def
File: l3backend-pdftex.def 2024-05-08 L3 backend support: PDF output (pdfTeX)
\l__color_backend_stack_int=\count286
\l__pdf_internal_box=\box56
)
No file main.aux.
\openout1 = `main.aux'.

LaTeX Font Info:    Checking defaults for OML/cmm/m/it on input line 13.
LaTeX Font Info:    ... okay on input line 13.
LaTeX Font Info:    Checking defaults for OMS/cmsy/m/n on input line 13.
LaTeX Font Info:    ... okay on input line 13.
LaTeX Font Info:    Checking defaults for OT1/cmr/m/n on input line 13.
LaTeX Font Info:    ... okay on input line 13.
LaTeX Font Info:    Checking defaults for T1/cmr/m/n on input line 13.
LaTeX Font Info:    ... okay on input line 13.
LaTeX Font Info:    Checking defaults for TS1/cmr/m/n on input line 13.
LaTeX Font Info:    ... okay on input line 13.
LaTeX Font Info:    Checking defaults for OMX/cmex/m/n on input line 13.
LaTeX Font Info:    ... okay on input line 13.
LaTeX Font Info:    Checking defaults for U/cmr/m/n on input line 13.
LaTeX Font Info:    ... okay on input line 13.
(C:\Users\Dell\AppData\Local\Programs\MiKTeX\tex/context/base/mkii\supp-pdf.mkii
[Loading MPS to PDF converter (version 2006.09.02).]
\scratchcounter=\count287
\scratchdimen=\dimen167
\scratchbox=\box57
\nofMPsegments=\count288
\nofMParguments=\count289
\everyMPshowfont=\toks27
\MPscratchCnt=\count290
\MPscratchDim=\dimen168
\MPnumerator=\count291
\makeMPintoPDFobject=\count292
\everyMPtoPDFconversion=\toks28
) (C:\Users\Dell\AppData\Local\Programs\MiKTeX\tex/latex/epstopdf-pkg\epstopdf-base.sty
Package: epstopdf-base 2020-01-24 v2.11 Base part for package epstopdf
Package epstopdf-base Info: Redefining graphics rule for `.eps' on input line 485.
 (C:\Users\Dell\AppData\Local\Programs\MiKTeX\tex/latex/00miktex\epstopdf-sys.cfg
File: epstopdf-sys.cfg 2021/03/18 v2.0 Configuration of epstopdf for MiKTeX
))
Overfull \hbox (63.29958pt too wide) in paragraph at lines 15--15
 [][] 
 []

<PeterShor.png, id=1, 761.84625pt x 980.66376pt>
File: PeterShor.png Graphic file (type png)
<use PeterShor.png>
Package pdftex.def Info: PeterShor.png  used on input line 18.
(pdftex.def)             Requested size: 312.00119pt x 401.61087pt.


[1

{C:/Users/Dell/AppData/Local/MiKTeX/fonts/map/pdftex/pdftex.map}]
<NormalDist.png, id=8, 501.875pt x 341.275pt>
File: NormalDist.png Graphic file (type png)
<use NormalDist.png>
Package pdftex.def Info: NormalDist.png  used on input line 31.
(pdftex.def)             Requested size: 390.0pt x 265.21442pt.


[2 <./PeterShor.png (PNG copy)>]

[3 <./NormalDist.png (PNG copy)>]
Overfull \hbox (11.3752pt too wide) in paragraph at lines 56--56
[]     \OT1/cmtt/m/n/12 theoretical_var_gaussian(model, confidence, portfolio_value)[] 
 []



[4]
<MonteCarloError.png, id=25, 1606.0pt x 1003.75pt>
File: MonteCarloError.png Graphic file (type png)
<use MonteCarloError.png>
Package pdftex.def Info: MonteCarloError.png  used on input line 84.
(pdftex.def)             Requested size: 390.0pt x 243.7537pt.
<MonteCarloConvergence.png, id=26, 1606.0pt x 1003.75pt>
File: MonteCarloConvergence.png Graphic file (type png)
<use MonteCarloConvergence.png>
Package pdftex.def Info: MonteCarloConvergence.png  used on input line 90.
(pdftex.def)             Requested size: 390.0pt x 243.7537pt.


[5 <./MonteCarloError.png (PNG copy)>]
Underfull \hbox (badness 10000) in paragraph at lines 96--97

 []



[6 <./MonteCarloConvergence.png (PNG copy)>]
<error_scaling.png, id=34, 578.16pt x 361.35pt>
File: error_scaling.png Graphic file (type png)
<use error_scaling.png>
Package pdftex.def Info: error_scaling.png  used on input line 121.
(pdftex.def)             Requested size: 390.0pt x 243.74634pt.
<var_convergence.png, id=36, 578.16pt x 361.35pt>
File: var_convergence.png Graphic file (type png)
<use var_convergence.png>
Package pdftex.def Info: var_convergence.png  used on input line 128.
(pdftex.def)             Requested size: 390.0pt x 243.74634pt.


[7 <./error_scaling.png>]

[8 <./var_convergence.png>]
Overfull \hbox (1.58961pt too wide) in paragraph at lines 179--180
\OT1/cmr/m/n/14.4 ing sen-ti-ment of the crypto-fear-and-greed in-dex. Ri-v-ian (RIVN)
 []



[9]
Overfull \hbox (4.97775pt too wide) in paragraph at lines 182--182
[]\OT1/cmr/bx/n/17.28 Quantum So-lu-tion: It-er-a-tive Am-pli-tude Es-
 []


Overfull \hbox (10.82172pt too wide) in paragraph at lines 184--185
\OT1/cmr/m/n/14.4 The al-go-rithm used to sim-u-late the Quan-tum Monte Carlo method
 []



[10]

[11]

[12]
Overfull \hbox (93.87918pt too wide) in paragraph at lines 231--232
[]\OT1/cmr/m/n/14.4 IQAE is run with a fixed num-ber of shots through an \OT1/cmtt/m/n/14.4 ExecutionPreferences
 []



[13]
<iqae_epsilon_scaling.png, id=66, 722.7pt x 289.08pt>
File: iqae_epsilon_scaling.png Graphic file (type png)
<use iqae_epsilon_scaling.png>
Package pdftex.def Info: iqae_epsilon_scaling.png  used on input line 237.
(pdftex.def)             Requested size: 390.0pt x 155.9994pt.
<iqae_shots_scaling.png, id=67, 361.35pt x 289.08pt>
File: iqae_shots_scaling.png Graphic file (type png)
<use iqae_shots_scaling.png>
Package pdftex.def Info: iqae_shots_scaling.png  used on input line 245.
(pdftex.def)             Requested size: 390.0pt x 312.00325pt.


[14 <./iqae_epsilon_scaling.png>]
<iqae_eps_alpha.png, id=72, 433.62pt x 289.08pt>
File: iqae_eps_alpha.png Graphic file (type png)
<use iqae_eps_alpha.png>
Package pdftex.def Info: iqae_eps_alpha.png  used on input line 253.
(pdftex.def)             Requested size: 390.0pt x 260.01079pt.


[15 <./iqae_shots_scaling.png>]

LaTeX Warning: Reference `fig:iqae_epsilon_scaling' on page 16 undefined on input line 269.


LaTeX Warning: Reference `fig:iqae_shots_scaling' on page 16 undefined on input line 270.


Overfull \hbox (1.65782pt too wide) in paragraph at lines 261--272
\OT1/cmr/m/n/14.4 Classical Monte Carlo (MC) es-ti-ma-tion er-ror scales as $\OML/cmm/m/it/14.4 O\OT1/cmr/m/n/14.4 (1\OML/cmm/m/it/14.4 =[]\OT1/cmr/m/n/14.4 )$,
 []



[16 <./iqae_eps_alpha.png>]
Overfull \hbox (48.18971pt too wide) in paragraph at lines 289--295
\OT1/cmr/m/n/14.4 Both clas-si-cal and quan-tum pipelines in-herit \OT1/cmr/bx/n/14.4 mod-el-ing/discretization
 []


Overfull \hbox (11.64209pt too wide) in paragraph at lines 289--295
\OT1/cmr/bx/n/14.4 er-ror \OT1/cmr/m/n/14.4 from the choice of dis-tri-bu-tion (Gaus-sian vs jump-diffusion),
 []



[17]
Overfull \hbox (0.6299pt too wide) in paragraph at lines 297--298
[]\OT1/cmr/bx/n/14.4 Estimation er-ror: \OT1/cmr/m/n/14.4 sam-pling / am-pli-tude es-ti-ma-tion noise. 
 []


LaTeX Warning: Reference `fig:comparison_error_vs_queries' on page 18 undefined on input line 301.


LaTeX Warning: Reference `fig:comparison_queries_vs_inv_eps' on page 18 undefined on input line 303.


LaTeX Warning: Reference `fig:comparison_shots_vs_eps' on page 18 undefined on input line 305.

<comparison_error_vs_queries.png, id=85, 505.89pt x 325.215pt>
File: comparison_error_vs_queries.png Graphic file (type png)
<use comparison_error_vs_queries.png>
Package pdftex.def Info: comparison_error_vs_queries.png  used on input line 311.
(pdftex.def)             Requested size: 390.0pt x 250.71902pt.
<comparison_queries_vs_inv_eps.png, id=86, 505.89pt x 325.215pt>
File: comparison_queries_vs_inv_eps.png Graphic file (type png)
<use comparison_queries_vs_inv_eps.png>
Package pdftex.def Info: comparison_queries_vs_inv_eps.png  used on input line 318.
(pdftex.def)             Requested size: 390.0pt x 250.71902pt.
<comparison_shots_vs_eps.png, id=87, 722.7pt x 303.534pt>
File: comparison_shots_vs_eps.png Graphic file (type png)
<use comparison_shots_vs_eps.png>
Package pdftex.def Info: comparison_shots_vs_eps.png  used on input line 325.
(pdftex.def)             Requested size: 390.0pt x 163.79938pt.


[18]

[19 <./comparison_error_vs_queries.png>]

[20 <./comparison_queries_vs_inv_eps.png> <./comparison_shots_vs_eps.png>]
Overfull \hbox (110.97786pt too wide) in paragraph at lines 343--349
\OT1/cmr/m/n/14.4 asym-me-try ob-served in real data. The pa-ram-e-ters $(\OML/cmm/m/it/14.4 ^^V; ^^[; ^^U[]; ^^U[]; ^^V[]; ^^[[]; ^^V[]; ^^[[]\OT1/cmr/m/n/14.4 )$
 []



[21

]

LaTeX Warning: Reference `fig:real_world_gold_fit' on page 22 undefined on input line 365.


LaTeX Warning: Reference `fig:real_world_spx_fit' on page 22 undefined on input line 365.


LaTeX Warning: Reference `fig:real_world_convergence' on page 22 undefined on input line 366.


LaTeX Warning: Reference `fig:real_world_error_scaling' on page 22 undefined on input line 367.


LaTeX Warning: File `real_world_gold_fit.png' not found on input line 372.


c:/Users/Dell/Desktop/IQuHack/writeup/main.tex:372: Package pdftex.def Error: File `real_world_gold_fit.png' not found: using draft setting.

See the pdftex.def package documentation for explanation.
Type  H <return>  for immediate help.
 ...                                              
                                                  
l.372 ...dth=1\linewidth]{real_world_gold_fit.png}
                                                  
Try typing  <return>  to proceed.
If that doesn't work, type  X <return>  to quit.


LaTeX Warning: File `real_world_spx_fit.png' not found on input line 379.


c:/Users/Dell/Desktop/IQuHack/writeup/main.tex:379: Package pdftex.def Error: File `real_world_spx_fit.png' not found: using draft setting.

See the pdftex.def package documentation for explanation.
Type  H <return>  for immediate help.
 ...                                              
                                                  
l.379 ...idth=1\linewidth]{real_world_spx_fit.png}
                                                  
Try typing  <return>  to proceed.
If that doesn't work, type  X <return>  to quit.


LaTeX Warning: File `real_world_convergence.png' not found on input line 386.


c:/Users/Dell/Desktop/IQuHack/writeup/main.tex:386: Package pdftex.def Error: File `real_world_convergence.png' not found: using draft setting.

See the pdftex.def package documentation for explanation.
Type  H <return>  for immediate help.
 ...                                              
                                                  
l.386 ...=1\linewidth]{real_world_convergence.png}
                                                  
Try typing  <return>  to proceed.
If that doesn't work, type  X <return>  to quit.


LaTeX Warning: File `real_world_error_scaling.png' not found on input line 393.


c:/Users/Dell/Desktop/IQuHack/writeup/main.tex:393: Package pdftex.def Error: File `real_world_error_scaling.png' not found: using draft setting.

See the pdftex.def package documentation for explanation.
Type  H <return>  for immediate help.
 ...                                              
                                                  
l.393 ...\linewidth]{real_world_error_scaling.png}
                                                  
Try typing  <return>  to proceed.
If that doesn't work, type  X <return>  to quit.



[22]

[23]

[24]

[25]

[26] (main.aux)
 ***********
LaTeX2e <2024-06-01> patch level 2
L3 programming layer <2024-08-30>
 ***********


LaTeX Warning: There were undefined references.


LaTeX Warning: Label(s) may have changed. Rerun to get cross-references right.

 ) 
Here is how much of TeX's memory you used:
 2515 strings out of 473899
 43189 string characters out of 5726971
 429250 words of memory out of 5000000
 25386 multiletter control sequences out of 15000+600000
 565388 words of font info for 62 fonts, out of 8000000 for 9000
 1141 hyphenation exceptions out of 8191
 57i,10n,65p,767b,278s stack positions out of 10000i,1000n,20000p,200000b,200000s
 <C:\Users\Dell\AppData\Local\MiKTeX\fonts/pk/ljfour/jknappen/ec/dpi600\tcrm1440.pk><C:/Users/Dell/AppData/Local/Programs/MiKTeX/fonts/type1/public/amsfonts/cm/cmbx12.pfb><C:/Users/Dell/AppData/Local/Programs/MiKTeX/fonts/type1/public/amsfonts/cm/cmex10.pfb><C:/Users/Dell/AppData/Local/Programs/MiKTeX/fonts/type1/public/amsfonts/cm/cmmi10.pfb><C:/Users/Dell/AppData/Local/Programs/MiKTeX/fonts/type1/public/amsfonts/cm/cmmi12.pfb><C:/Users/Dell/AppData/Local/Programs/MiKTeX/fonts/type1/public/amsfonts/cm/cmmi8.pfb><C:/Users/Dell/AppData/Local/Programs/MiKTeX/fonts/type1/public/amsfonts/cm/cmr10.pfb><C:/Users/Dell/AppData/Local/Programs/MiKTeX/fonts/type1/public/amsfonts/cm/cmr12.pfb><C:/Users/Dell/AppData/Local/Programs/MiKTeX/fonts/type1/public/amsfonts/cm/cmr17.pfb><C:/Users/Dell/AppData/Local/Programs/MiKTeX/fonts/type1/public/amsfonts/cm/cmr8.pfb><C:/Users/Dell/AppData/Local/Programs/MiKTeX/fonts/type1/public/amsfonts/cm/cmsy10.pfb><C:/Users/Dell/AppData/Local/Programs/MiKTeX/fonts/type1/public/amsfonts/cm/cmsy7.pfb><C:/Users/Dell/AppData/Local/Programs/MiKTeX/fonts/type1/public/amsfonts/cm/cmsy8.pfb><C:/Users/Dell/AppData/Local/Programs/MiKTeX/fonts/type1/public/amsfonts/cm/cmti12.pfb><C:/Users/Dell/AppData/Local/Programs/MiKTeX/fonts/type1/public/amsfonts/cm/cmtt12.pfb>
Output written on main.pdf (26 pages, 1987250 bytes).
PDF statistics:
 182 PDF objects out of 1000 (max. 8388607)
 0 named destinations out of 1000 (max. 500000)
 61 words of extra memory for PDF output out of 10000 (max. 10000000)

